C51 COMPILER V9.01   FONT                                                                  11/26/2014 20:38:00 PAGE 1   


C51 COMPILER V9.01, COMPILATION OF MODULE FONT
OBJECT MODULE PLACED IN font.obj
COMPILER INVOKED BY: C:\Keil\C51\BIN\C51.EXE font\font.c LARGE BROWSE DEBUG OBJECTEXTEND PRINT(.\font.lst) OBJECT(font.o
                    -bj)

line level    source

   1          #include <font\font.h>
   2          #include <sys\sys.h>
   3          u8 code image[]={ /* 0X00,0X10,0X28,0X00,0X28,0X00,0X01,0X1B,*/
   4          0XFF,0XFF,0XFF,0XFF,0XFF,0XFF,0XFF,0XFF,0XFF,0XFF,0XFF,0XFF,0XFF,0XFF,0XFF,0XFF,
   5          0XFF,0XFF,0XFF,0XFF,0XFF,0XFF,0XFF,0XFF,0XFF,0XFF,0XFF,0XFF,0XBE,0XF7,0X7D,0XEF,
   6          0XBA,0XD6,0XB6,0XB5,0XF3,0X9C,0XB2,0X94,0XB3,0X9C,0XB2,0X94,0X34,0XA5,0XF7,0XBD,
   7          0XFB,0XDE,0X7D,0XEF,0XFF,0XFF,0XFF,0XFF,0XFF,0XFF,0XFF,0XFF,0XFF,0XFF,0XFF,0XFF,
   8          0XFF,0XFF,0XFF,0XFF,0XFF,0XFF,0XFF,0XFF,0XFF,0XFF,0XFF,0XFF,0XFF,0XFF,0XFF,0XFF,
   9          0XFF,0XFF,0XFF,0XFF,0XFF,0XFF,0XFF,0XFF,0XFF,0XFF,0XFF,0XFF,0XFF,0XFF,0XFF,0XFF,
  10          0XFF,0XFF,0XFF,0XFF,0XFF,0XFF,0XFF,0XFF,0XBE,0XF7,0XFB,0XDE,0XF3,0X9C,0XCB,0X5A,
  11          0XC7,0X39,0X04,0X21,0X82,0X10,0X42,0X10,0X42,0X10,0X41,0X08,0X83,0X18,0X45,0X29,
  12          0XC7,0X39,0X0C,0X63,0X75,0XAD,0X3C,0XE7,0XBE,0XF7,0XFF,0XFF,0XFF,0XFF,0XFF,0XFF,
  13          0XFF,0XFF,0XFF,0XFF,0XFF,0XFF,0XFF,0XFF,0XFF,0XFF,0XFF,0XFF,0XFF,0XFF,0XFF,0XFF,
  14          0XFF,0XFF,0XFF,0XFF,0XFF,0XFF,0XFF,0XFF,0XFF,0XFF,0XFF,0XFF,0XFF,0XFF,0XFF,0XFF,
  15          0XFF,0XFF,0XFF,0XFF,0XFF,0XFF,0X3C,0XE7,0XB2,0X94,0X08,0X42,0XC3,0X18,0X82,0X10,
  16          0X04,0X21,0X45,0X29,0X86,0X31,0X86,0X31,0X86,0X31,0X86,0X31,0X45,0X29,0X04,0X21,
  17          0X82,0X10,0X41,0X08,0XC3,0X18,0X08,0X42,0XF3,0X9C,0X3C,0XE7,0XFF,0XFF,0XFF,0XFF,
  18          0XFF,0XFF,0XFF,0XFF,0XFF,0XFF,0XFF,0XFF,0XFF,0XFF,0XFF,0XFF,0XFF,0XFF,0XFF,0XFF,
  19          0XFF,0XFF,0XFF,0XFF,0XFF,0XFF,0XFF,0XFF,0XFF,0XFF,0XFF,0XFF,0XFF,0XFF,0XFF,0XFF,
  20          0XFF,0XFF,0XFF,0XFF,0XFB,0XDE,0X0C,0X63,0XC3,0X18,0XC3,0X18,0X45,0X29,0XC7,0X39,
  21          0X08,0X42,0X08,0X42,0X08,0X42,0X08,0X42,0X08,0X42,0X08,0X42,0XC7,0X39,0XC7,0X39,
  22          0X86,0X31,0X86,0X31,0X04,0X21,0X41,0X08,0X82,0X10,0XCB,0X5A,0XBA,0XD6,0XFF,0XFF,
  23          0XFF,0XFF,0XFF,0XFF,0XFF,0XFF,0XFF,0XFF,0XFF,0XFF,0XFF,0XFF,0XFF,0XFF,0XFF,0XFF,
  24          0XFF,0XFF,0XFF,0XFF,0XFF,0XFF,0XFF,0XFF,0XFF,0XFF,0XFF,0XFF,0XFF,0XFF,0XFF,0XFF,
  25          0XFF,0XFF,0XFB,0XDE,0XCB,0X5A,0X82,0X10,0X45,0X29,0XC7,0X39,0X08,0X42,0X08,0X42,
  26          0X09,0X4A,0X49,0X4A,0X49,0X4A,0X49,0X4A,0X49,0X4A,0X49,0X4A,0X08,0X42,0XC7,0X39,
  27          0XC7,0X39,0XC7,0X39,0X86,0X31,0X45,0X29,0X83,0X18,0X00,0X00,0XC8,0X41,0X38,0XC6,
  28          0XFF,0XFF,0XFF,0XFF,0XFF,0XFF,0XFF,0XFF,0XFF,0XFF,0XFF,0XFF,0XFF,0XFF,0XFF,0XFF,
  29          0XFF,0XFF,0XFF,0XFF,0XFF,0XFF,0XFF,0XFF,0XFF,0XFF,0XFF,0XFF,0XFF,0XFF,0XFF,0XFF,
  30          0X7D,0XEF,0X8E,0X73,0X82,0X10,0X45,0X29,0XC7,0X39,0X08,0X42,0X09,0X4A,0X8A,0X52,
  31          0X30,0X84,0XCF,0X7B,0X8A,0X52,0X49,0X4A,0X4A,0X52,0X49,0X4A,0XCB,0X5A,0XCF,0X7B,
  32          0X0C,0X63,0X08,0X42,0XC7,0X39,0X86,0X31,0X45,0X29,0XC3,0X18,0X00,0X00,0X49,0X4A,
  33          0XBA,0XD6,0XFF,0XFF,0XFF,0XFF,0XFF,0XFF,0XFF,0XFF,0XFF,0XFF,0XFF,0XFF,0XFF,0XFF,
  34          0XFF,0XFF,0XFF,0XFF,0XFF,0XFF,0XFF,0XFF,0XFF,0XFF,0XFF,0XFF,0XFF,0XFF,0XFF,0XFF,
  35          0XF3,0X9C,0XC3,0X18,0X04,0X21,0XC7,0X39,0X08,0X42,0X49,0X4A,0X49,0X4A,0X72,0X94,
  36          0X7D,0XEF,0X7D,0XEF,0XB2,0X94,0X4A,0X52,0X49,0X4A,0X8A,0X52,0X75,0XAD,0XBE,0XF7,
  37          0XBA,0XD6,0X4D,0X6B,0XC7,0X39,0XC7,0X39,0X86,0X31,0X45,0X29,0XC3,0X18,0X41,0X08,
  38          0XCF,0X7B,0X7C,0XE7,0XFF,0XFF,0XFF,0XFF,0XFF,0XFF,0XFF,0XFF,0XFF,0XFF,0XFF,0XFF,
  39          0XFF,0XFF,0XFF,0XFF,0XFF,0XFF,0XFF,0XFF,0XFF,0XFF,0XFF,0XFF,0XFF,0XFF,0XBA,0XD6,
  40          0X08,0X42,0X82,0X10,0XC7,0X39,0X08,0X42,0X49,0X4A,0X49,0X4A,0X8E,0X73,0XFB,0XDE,
  41          0XFF,0XFF,0XBE,0XF7,0XBA,0XD6,0X8E,0X73,0X08,0X42,0X30,0X84,0X3C,0XE7,0X7D,0XEF,
  42          0XFF,0XFF,0XB6,0XB5,0X49,0X4A,0XC7,0X39,0X86,0X31,0X45,0X29,0X04,0X21,0X41,0X08,
  43          0X45,0X29,0XB6,0XB5,0XFF,0XFF,0XFF,0XFF,0XFF,0XFF,0XFF,0XFF,0XFF,0XFF,0XFF,0XFF,
  44          0XFF,0XFF,0XFF,0XFF,0XFF,0XFF,0XFF,0XFF,0XFF,0XFF,0XFF,0XFF,0XBE,0XF7,0X71,0X8C,
  45          0X41,0X08,0X45,0X29,0X08,0X42,0X49,0X4A,0X49,0X4A,0X4A,0X52,0XB2,0X94,0XBE,0XF7,
  46          0XBE,0XF7,0XB2,0X94,0XCF,0X7B,0XCF,0X7B,0X49,0X4A,0XB6,0XB5,0XF3,0X9C,0X0C,0X63,
  47          0X38,0XC6,0XBA,0XD6,0X0C,0X63,0X87,0X39,0XC7,0X39,0X86,0X31,0X45,0X29,0XC3,0X18,
  48          0X41,0X08,0X30,0X84,0X7D,0XEF,0XFF,0XFF,0XFF,0XFF,0XFF,0XFF,0XFF,0XFF,0XFF,0XFF,
  49          0XFF,0XFF,0XFF,0XFF,0XFF,0XFF,0XFF,0XFF,0XFF,0XFF,0XFF,0XFF,0X3C,0XE7,0XCB,0X5A,
  50          0X41,0X08,0XC7,0X39,0X08,0X42,0X49,0X4A,0X4A,0X52,0X8A,0X52,0XF3,0X9C,0XFF,0XFF,
  51          0X7D,0XEF,0XC7,0X39,0XC3,0X18,0X0C,0X63,0XCB,0X5A,0XB6,0XB5,0XB2,0X94,0XCB,0X5A,
  52          0X75,0XAD,0XFA,0XD6,0X4D,0X6B,0X87,0X39,0XC7,0X39,0X86,0X31,0X45,0X29,0X04,0X21,
  53          0X41,0X08,0X8A,0X52,0X79,0XCE,0XFF,0XFF,0XFF,0XFF,0XFF,0XFF,0XFF,0XFF,0XFF,0XFF,
  54          0XFF,0XFF,0XFF,0XFF,0XFF,0XFF,0XFF,0XFF,0XFF,0XFF,0XFF,0XFF,0X38,0XC6,0X86,0X31,
C51 COMPILER V9.01   FONT                                                                  11/26/2014 20:38:00 PAGE 2   

  55          0X04,0X21,0XC8,0X41,0X49,0X4A,0X49,0X4A,0X4A,0X52,0X49,0X4A,0XB1,0X8C,0XBE,0XF7,
  56          0XBE,0XF7,0XB2,0X94,0XCF,0X7B,0XCF,0X7B,0X49,0X4A,0X74,0XA5,0X7D,0XEF,0X7C,0XE7,
  57          0XBE,0XF7,0X79,0XCE,0X0C,0X63,0XC7,0X39,0XC7,0X39,0X86,0X31,0X45,0X29,0X04,0X21,
  58          0X82,0X10,0X45,0X29,0X75,0XAD,0XBE,0XF7,0XFF,0XFF,0XFF,0XFF,0XFF,0XFF,0XFF,0XFF,
  59          0XFF,0XFF,0XFF,0XFF,0XFF,0XFF,0XFF,0XFF,0XFF,0XFF,0XFF,0XFF,0X34,0XA5,0X82,0X10,
  60          0X86,0X31,0X08,0X42,0X49,0X4A,0X49,0X4A,0X8A,0X52,0X49,0X4A,0X4D,0X6B,0XBA,0XD6,
  61          0XFF,0XFF,0XFF,0XFF,0X79,0XCE,0X0D,0X63,0XC7,0X39,0XCF,0X7B,0X7D,0XEF,0XFF,0XFF,
  62          0XFF,0XFF,0X75,0XAD,0X08,0X42,0X86,0X31,0XC7,0X39,0X86,0X31,0X45,0X29,0X45,0X29,
  63          0XC3,0X18,0XC3,0X18,0XB2,0X94,0X7D,0XEF,0XFF,0XFF,0XFF,0XFF,0XFF,0XFF,0XFF,0XFF,
  64          0XFF,0XFF,0XFF,0XFF,0XFF,0XFF,0XFF,0XFF,0XFF,0XFF,0XBE,0XF7,0XB2,0X8C,0X41,0X08,
  65          0XC7,0X39,0X08,0X42,0X49,0X4A,0X49,0X4A,0X8A,0X52,0X8A,0X52,0X4A,0X4A,0XD0,0X7B,
  66          0X7A,0XC6,0X7B,0XBE,0X90,0X6B,0XC9,0X39,0X88,0X31,0XC9,0X39,0XB3,0X84,0XBB,0XC6,
  67          0XF8,0XB5,0XCC,0X5A,0X86,0X31,0XC7,0X39,0XC7,0X39,0X86,0X31,0X45,0X29,0X45,0X29,
  68          0XC4,0X20,0X41,0X08,0X30,0X84,0X3C,0XE7,0XFF,0XFF,0XFF,0XFF,0XFF,0XFF,0XFF,0XFF,
  69          0XFF,0XFF,0XFF,0XFF,0XFF,0XFF,0XFF,0XFF,0XFF,0XFF,0X3C,0XE7,0X8A,0X4A,0XC3,0X10,
  70          0XC7,0X39,0X08,0X42,0X49,0X4A,0X49,0X4A,0X4A,0X4A,0X4A,0X42,0X09,0X3A,0X08,0X4A,
  71          0X09,0X6B,0X49,0X7B,0XC6,0X7A,0X05,0X83,0X46,0X83,0XC5,0X7A,0XC6,0X72,0X09,0X7B,
  72          0X48,0X5A,0X87,0X31,0X88,0X21,0X88,0X29,0X86,0X31,0X86,0X31,0X45,0X29,0X45,0X29,
  73          0X04,0X21,0X41,0X08,0X4A,0X4A,0XBA,0XD6,0XFF,0XFF,0XFF,0XFF,0XFF,0XFF,0XFF,0XFF,
  74          0XFF,0XFF,0XFF,0XFF,0XFF,0XFF,0XFF,0XFF,0XFF,0XFF,0XF7,0XC5,0X82,0X50,0X05,0X41,
  75          0XC7,0X29,0X08,0X42,0X49,0X4A,0X4A,0X42,0X49,0X4A,0X09,0X7B,0X88,0X9B,0XC6,0XB3,
  76          0X21,0XD4,0XA0,0XDC,0XE1,0XE4,0X61,0XED,0X61,0XED,0X21,0XED,0XA0,0XE4,0X20,0XDC,
  77          0X80,0XCB,0X43,0XAB,0XC4,0X82,0X06,0X5A,0X47,0X21,0X46,0X29,0X45,0X29,0X04,0X29,
  78          0X04,0X19,0X82,0X10,0X82,0X18,0XF3,0X9C,0X7D,0XEF,0XFF,0XFF,0XFF,0XFF,0XFF,0XFF,
  79          0XFF,0XFF,0XFF,0XFF,0XFF,0XFF,0XFF,0XFF,0X7D,0XEF,0X4D,0X93,0X00,0XA0,0X82,0XB8,
  80          0XC7,0X31,0X09,0X32,0X49,0X4A,0X86,0X7A,0X43,0XC3,0X6B,0XED,0XF4,0XF6,0XEB,0XFD,
  81          0X20,0XFD,0X20,0XFD,0X60,0XFD,0XA0,0XFD,0XA0,0XFD,0X60,0XFD,0X60,0XFD,0X20,0XFD,
  82          0XE0,0XFC,0XA0,0XFC,0X60,0XF4,0XC1,0XDB,0X83,0X9A,0XC5,0X49,0X45,0X29,0X04,0X19,
  83          0XC4,0X20,0X82,0X38,0X00,0X50,0XCB,0X6A,0XBA,0XD6,0XFF,0XFF,0XFF,0XFF,0XFF,0XFF,
  84          0XFF,0XFF,0XFF,0XFF,0XFF,0XFF,0XFF,0XFF,0XFB,0XEE,0X04,0XA1,0X00,0XC0,0X00,0XF0,
  85          0XC3,0XA0,0XC8,0X41,0X49,0X42,0X05,0X9B,0X20,0XFC,0XA4,0XFC,0X69,0XFD,0XE8,0XFD,
  86          0X63,0XFD,0X20,0XFD,0X60,0XFD,0X60,0XFD,0X60,0XFD,0X20,0XFD,0X20,0XFD,0XE0,0XFC,
  87          0XE0,0XFC,0XA0,0XFC,0X60,0XFC,0X20,0XFC,0X41,0XD3,0XC5,0X49,0X45,0X19,0XC4,0X38,
  88          0X82,0X68,0X41,0X88,0X00,0X70,0X49,0X5A,0X79,0XCE,0XFF,0XFF,0XFF,0XFF,0XFF,0XFF,
  89          0XFF,0XFF,0XFF,0XFF,0XFF,0XFF,0XFF,0XFF,0XFB,0XF6,0X82,0XC0,0X00,0XD0,0X86,0XC1,
  90          0X46,0XF1,0X41,0XC8,0X45,0X79,0X89,0X52,0X88,0X62,0X86,0X6A,0XC6,0X7A,0XC4,0XBB,
  91          0XE1,0XFC,0X60,0XFD,0X60,0XFD,0XA0,0XFD,0XA0,0XFD,0X60,0XFD,0X60,0XFD,0XE0,0XFC,
  92          0X60,0XE4,0X03,0X93,0X84,0X72,0X44,0X6A,0XC5,0X41,0X45,0X29,0XC3,0X58,0X41,0XA8,
  93          0X40,0X98,0X00,0XB0,0X00,0X60,0X0C,0X6B,0X79,0XCE,0XFF,0XFF,0XFF,0XFF,0XFF,0XFF,
  94          0XFF,0XFF,0XFF,0XFF,0XFF,0XFF,0X7D,0XEF,0XCE,0X83,0X82,0X88,0X00,0XF8,0XC4,0XD8,
  95          0X0C,0XF3,0X8A,0XFA,0X82,0XE8,0X82,0XB0,0X45,0X69,0XC7,0X51,0X08,0X42,0X08,0X3A,
  96          0X86,0X5A,0X83,0X9B,0XA2,0XBC,0X22,0XCD,0X21,0XCD,0XA1,0XC4,0X22,0XB4,0XC4,0X7A,
  97          0X06,0X3A,0X86,0X29,0X45,0X29,0X05,0X31,0XC4,0X50,0X41,0X90,0X00,0XC0,0X00,0XA8,
  98          0X00,0XA0,0X00,0XA8,0X00,0X30,0X4A,0X4A,0XBA,0XD6,0XFF,0XFF,0XFF,0XFF,0XFF,0XFF,
  99          0XFF,0XFF,0XFF,0XFF,0X7D,0XEF,0X8E,0X73,0XC3,0X18,0X05,0X39,0X82,0XA8,0X00,0XF8,
 100          0XC3,0XF8,0X4D,0XFB,0X4D,0XFB,0XC7,0XF9,0XC3,0XF0,0X82,0XD8,0XC3,0XB0,0X04,0X81,
 101          0X45,0X61,0X46,0X51,0X86,0X49,0X86,0X49,0X46,0X41,0X45,0X41,0X45,0X41,0X45,0X41,
 102          0X05,0X49,0X04,0X61,0X82,0X90,0X41,0XB0,0X00,0XD0,0X00,0XC8,0X00,0XA8,0X00,0XA8,
 103          0X00,0XB8,0X41,0X58,0X82,0X10,0X82,0X10,0XB2,0X94,0XBE,0XF7,0XFF,0XFF,0XFF,0XFF,
 104          0XFF,0XFF,0XBE,0XF7,0XCF,0X7B,0X82,0X10,0X04,0X21,0X86,0X29,0X86,0X41,0X04,0X99,
 105          0X40,0XE8,0X41,0XF8,0X86,0XF9,0XCB,0XFA,0X49,0XFA,0X82,0XF8,0X00,0XF8,0X00,0XF0,
 106          0X00,0XE8,0X41,0XD8,0X41,0XD0,0X41,0XC0,0X41,0XC0,0X41,0XC0,0X41,0XC0,0X41,0XC8,
 107          0X00,0XD0,0X00,0XE0,0X00,0XE0,0X00,0XD8,0X00,0XD0,0X00,0XB8,0X00,0XA8,0X41,0X88,
 108          0X82,0X48,0X82,0X10,0X82,0X10,0X00,0X00,0X45,0X29,0X79,0XCE,0XFF,0XFF,0XFF,0XFF,
 109          0XBE,0XF7,0XF3,0X9C,0X82,0X10,0XC3,0X18,0X45,0X29,0X86,0X31,0XC7,0X31,0X30,0X7C,
 110          0XF3,0XDC,0X86,0XE1,0X00,0XF0,0X00,0XF8,0X41,0XF8,0X41,0XF8,0X00,0XF8,0X00,0XF8,
 111          0X00,0XF8,0X00,0XF8,0X00,0XF8,0X00,0XF8,0X00,0XF8,0X00,0XF8,0X00,0XF8,0X00,0XF8,
 112          0X00,0XE8,0X00,0XE0,0X00,0XE0,0X00,0XD8,0X00,0XC8,0X41,0XA0,0X8A,0X9A,0X0C,0X63,
 113          0X04,0X11,0X82,0X10,0X82,0X10,0X41,0X08,0X00,0X00,0X4D,0X6B,0X7D,0XEF,0XFF,0XFF,
 114          0XFB,0XDE,0X08,0X42,0X42,0X10,0X45,0X29,0X86,0X31,0X86,0X31,0X49,0X4A,0X38,0XBE,
 115          0XFF,0XFF,0X38,0XD6,0X86,0XA9,0X00,0XC8,0X00,0XE0,0X00,0XF0,0X00,0XF8,0X00,0XF8,
 116          0X00,0XF8,0X00,0XF8,0X00,0XF8,0X00,0XF8,0X00,0XF8,0X00,0XF8,0X00,0XF0,0X00,0XF0,
C51 COMPILER V9.01   FONT                                                                  11/26/2014 20:38:00 PAGE 3   

 117          0X00,0XE8,0X00,0XE0,0X00,0XD0,0XC3,0X98,0X8A,0X8A,0XB2,0XA4,0XBA,0XC6,0XF7,0XB5,
 118          0X08,0X42,0X41,0X08,0X82,0X10,0X41,0X08,0X00,0X00,0X45,0X29,0XF7,0XBD,0XFF,0XFF,
 119          0X71,0X8C,0X41,0X08,0X04,0X21,0X45,0X29,0X86,0X31,0X86,0X31,0X0C,0X63,0X3C,0XE7,
 120          0XFF,0XFF,0X79,0XD6,0X46,0XB9,0X00,0XE0,0X42,0XC8,0X82,0XA8,0X82,0XB0,0X41,0XD8,
 121          0X82,0XE8,0X82,0XF0,0X41,0XE8,0X41,0XE8,0X41,0XE8,0X41,0XF0,0X41,0XE8,0X41,0XD8,
 122          0X04,0XC1,0X08,0X92,0X4D,0X8B,0X34,0XA5,0XFB,0XC6,0XFB,0XD6,0XBA,0XCE,0X3C,0XE7,
 123          0X30,0X84,0XC3,0X18,0X41,0X08,0X41,0X08,0X00,0X00,0X41,0X08,0XCF,0X7B,0X7D,0XEF,
 124          0X49,0X4A,0X00,0X00,0X04,0X21,0X45,0X29,0X46,0X31,0X86,0X31,0X30,0X84,0XFF,0XFF,
 125          0XFF,0XF7,0XF7,0XDD,0X09,0XDA,0X83,0XF8,0X01,0XF0,0X42,0XC0,0X82,0X98,0X49,0X9A,
 126          0XF3,0XB4,0XF3,0XCC,0X71,0XBC,0X8E,0XBB,0X8E,0XBB,0X30,0XBC,0X71,0XBC,0XF3,0XBC,
 127          0XB6,0XBD,0XFB,0XCE,0XBE,0XE7,0X7D,0XE7,0X3B,0XDF,0XBA,0XD6,0X79,0XCE,0XFB,0XDE,
 128          0X75,0XAD,0X86,0X31,0X41,0X08,0X41,0X08,0X00,0X00,0X00,0X00,0X49,0X4A,0XFB,0XDE,
 129          0X04,0X21,0X41,0X08,0X04,0X21,0X45,0X29,0X45,0X29,0X87,0X39,0XB2,0X94,0XFF,0XFF,
 130          0XBE,0XF7,0X34,0XDD,0X0C,0XEB,0X09,0XFA,0X00,0XF0,0X01,0XD8,0X00,0XD8,0X8B,0XD2,
 131          0X7D,0XE7,0XFF,0XFF,0XFF,0XFF,0XFF,0XFF,0XFF,0XFF,0XFF,0XFF,0XFF,0XFF,0XFF,0XFF,
 132          0XFF,0XFF,0XBE,0XFF,0X7D,0XEF,0XFB,0XDE,0XFB,0XDE,0XBA,0XD6,0X79,0XCE,0XBA,0XD6,
 133          0X78,0XC6,0XC7,0X39,0X00,0X00,0X41,0X08,0X00,0X00,0X00,0X00,0XC7,0X39,0X79,0XCE,
 134          0X00,0X00,0X82,0X10,0XC3,0X18,0X04,0X21,0X05,0X29,0X86,0X31,0XB3,0X9C,0XFF,0XFF,
 135          0XFF,0XF7,0X75,0XDD,0XC7,0XE9,0XC7,0XF9,0X01,0XF8,0X01,0XF0,0X00,0XE8,0X49,0XE2,
 136          0XFB,0XEE,0XFF,0XFF,0XFF,0XFF,0XFF,0XFF,0XFF,0XFF,0XFF,0XFF,0XFF,0XFF,0XFF,0XFF,
 137          0XFF,0XFF,0XBE,0XF7,0X7D,0XEF,0XFB,0XDE,0XFB,0XDE,0XBA,0XD6,0X79,0XCE,0XBA,0XD6,
 138          0XB9,0XCE,0X08,0X42,0X00,0X00,0X00,0X00,0X00,0X00,0X00,0X00,0XC7,0X39,0X38,0XC6,
 139          0X00,0X00,0X82,0X10,0X82,0X10,0X04,0X21,0X04,0X21,0X45,0X29,0X30,0X84,0XFF,0XFF,
 140          0XFF,0XFF,0X38,0XDE,0XC4,0XD0,0X00,0XF0,0X01,0XF8,0X00,0XF8,0X00,0XF0,0X08,0XD2,
 141          0XFB,0XE6,0XFF,0XFF,0XFF,0XFF,0XFF,0XFF,0XFF,0XFF,0XFF,0XFF,0XFF,0XFF,0XFF,0XFF,
 142          0XFF,0XFF,0XBE,0XF7,0X7D,0XEF,0XFB,0XDE,0XBA,0XD6,0X79,0XCE,0X79,0XCE,0XBA,0XD6,
 143          0X79,0XCE,0XC7,0X39,0X41,0X08,0X00,0X00,0X00,0X00,0X00,0X00,0X86,0X31,0X38,0XC6,
 144          0X00,0X00,0X00,0X00,0XC3,0X18,0XCB,0X5A,0X86,0X31,0XC3,0X18,0XCB,0X5A,0X7D,0XEF,
 145          0XFF,0XFF,0X7D,0XEF,0XCF,0XBB,0XC3,0XB0,0X41,0XD0,0X41,0XD0,0X82,0XB8,0X4D,0XB3,
 146          0X7D,0XE7,0XFF,0XFF,0XFF,0XFF,0XFF,0XFF,0XFF,0XFF,0XFF,0XFF,0XFF,0XFF,0XFF,0XFF,
 147          0XBE,0XF7,0XBE,0XF7,0X3D,0XEF,0XFB,0XDE,0XBA,0XD6,0X79,0XCE,0X79,0XCE,0XFA,0XD6,
 148          0XF7,0XBD,0X04,0X21,0X86,0X31,0X04,0X21,0X00,0X00,0X00,0X00,0X86,0X31,0X38,0XC6,
 149          0X86,0X31,0XC3,0X18,0XCB,0X5A,0X75,0XAD,0XCF,0X7B,0X41,0X08,0X86,0X31,0XF7,0XBD,
 150          0XFF,0XFF,0XFF,0XFF,0XBE,0XEF,0X74,0XB5,0X30,0X9C,0X30,0X9C,0X72,0XA4,0XBB,0XD6,
 151          0XFF,0XFF,0XFF,0XFF,0XFF,0XFF,0XFF,0XFF,0XFF,0XFF,0XFF,0XFF,0XFF,0XFF,0XFF,0XFF,
 152          0XBE,0XF7,0X7D,0XEF,0X3C,0XE7,0XFB,0XDE,0XBA,0XD6,0X79,0XCE,0X79,0XCE,0X3C,0XE7,
 153          0X71,0X8C,0X81,0X08,0X0C,0X63,0XCF,0X7B,0X82,0X10,0X00,0X00,0X8A,0X52,0X38,0XC6,
 154          0X75,0XAD,0X71,0X8C,0XB6,0XB5,0X3C,0XE7,0XFB,0XDE,0XC7,0X39,0X00,0X00,0XCF,0X73,
 155          0XFF,0XFF,0XFF,0XFF,0XFF,0XFF,0XFF,0XFF,0XFF,0XFF,0XFF,0XFF,0XFF,0XFF,0XFF,0XFF,
 156          0XFF,0XFF,0XFF,0XFF,0XFF,0XFF,0XFF,0XFF,0XFF,0XFF,0XFF,0XFF,0XFF,0XFF,0XBE,0XF7,
 157          0X7D,0XEF,0X7D,0XEF,0X3B,0XDF,0XFA,0XD6,0X79,0XCE,0X79,0XCE,0XFB,0XDE,0XB9,0XCE,
 158          0XC7,0X39,0XC4,0X20,0X71,0X8C,0XBA,0XD6,0X71,0X8C,0XCB,0X5A,0XB2,0X94,0XBA,0XD6,
 159          0XFF,0XFF,0X7D,0XEF,0X7D,0XEF,0XFF,0XFF,0XFF,0XFF,0XB6,0XB5,0X46,0X29,0X05,0X19,
 160          0X75,0XA5,0XFF,0XFF,0XFF,0XFF,0XFF,0XFF,0XFF,0XFF,0XFF,0XFF,0XFF,0XFF,0XFF,0XFF,
 161          0XFF,0XFF,0XFF,0XFF,0XFF,0XFF,0XFF,0XFF,0XFF,0XFF,0XFF,0XFF,0XFF,0XFF,0XBE,0XF7,
 162          0X7D,0XEF,0X3C,0XE7,0XFB,0XDE,0XBA,0XD6,0X79,0XCE,0XBA,0XD6,0XFC,0XDE,0X4E,0X63,
 163          0X42,0X08,0X0C,0X63,0XF7,0XBD,0XBE,0XF7,0XFF,0XFF,0XFB,0XDE,0XFB,0XDE,0XBE,0XF7,
 164          0XFF,0XFF,0XFF,0XFF,0XFF,0XFF,0XFF,0XFF,0XFF,0XFF,0XFF,0XFF,0XF4,0X9C,0X04,0X21,
 165          0X05,0X21,0XB6,0XA5,0XFF,0XFF,0XFF,0XFF,0XFF,0XFF,0XFF,0XFF,0XFF,0XFF,0XFF,0XFF,
 166          0XFF,0XFF,0XFF,0XFF,0XFF,0XFF,0XFF,0XFF,0XFF,0XFF,0XBE,0XF7,0XBE,0XF7,0X7D,0XEF,
 167          0X3C,0XE7,0XFB,0XDE,0XBA,0XD6,0X79,0XCE,0XFB,0XDE,0XBB,0XD6,0XD1,0X73,0X83,0X18,
 168          0X86,0X39,0X34,0X9D,0XBD,0XEF,0XFF,0XFF,0XFF,0XFF,0XFF,0XFF,0XFF,0XFF,0XFF,0XFF,
 169          0XFF,0XFF,0XFF,0XFF,0XFF,0XFF,0XFF,0XFF,0XBE,0XFF,0X35,0XD6,0XEB,0XCC,0X43,0XB3,
 170          0X40,0X51,0X05,0X19,0XF5,0X8C,0XBE,0XEF,0XFF,0XFF,0XFF,0XFF,0XFF,0XFF,0XFF,0XFF,
 171          0XFF,0XFF,0XFF,0XFF,0XFF,0XFF,0XBE,0XF7,0XBE,0XF7,0X7D,0XEF,0X7D,0XEF,0X3C,0XE7,
 172          0XFB,0XDE,0XBA,0XDE,0XBA,0XD6,0X3C,0XDF,0X3A,0XBE,0X4F,0X63,0X82,0X49,0X40,0XA3,
 173          0X23,0XB4,0XCC,0X83,0X3A,0XBE,0XFF,0XFF,0XFF,0XFF,0XFF,0XFF,0XFF,0XFF,0XFF,0XFF,
 174          0XFF,0XFF,0XFF,0XFF,0XFF,0XFF,0XBF,0XF7,0XB5,0XBD,0X82,0X92,0X20,0XF4,0XA0,0XFC,
 175          0X60,0XE4,0X40,0X82,0X84,0X41,0X8F,0X6B,0X77,0XAD,0X3D,0XE7,0XFF,0XFF,0XFF,0XFF,
 176          0XFE,0XFF,0XBE,0XF7,0XBE,0XF7,0XBE,0XF7,0X7D,0XEF,0X7D,0XEF,0X3C,0XE7,0XFB,0XDE,
 177          0XFB,0XDE,0X3D,0XE7,0XBB,0XCE,0X36,0X9D,0X0B,0X6B,0X41,0X6A,0X60,0XC4,0X20,0XFE,
 178          0X60,0XF5,0X00,0X8B,0XC7,0X6A,0X38,0XC6,0XBE,0XF7,0XFF,0XFF,0XFF,0XFF,0XFF,0XFF,
C51 COMPILER V9.01   FONT                                                                  11/26/2014 20:38:00 PAGE 4   

 179          0XFF,0XFF,0XFF,0XFF,0XFF,0XFF,0X7D,0XEF,0X4B,0X7B,0X80,0XB2,0XA0,0XFC,0XA0,0XFC,
 180          0XE0,0XFC,0XE0,0XFC,0XC0,0XCB,0XC1,0X8A,0X45,0X62,0X4D,0X6B,0XB3,0X94,0XF7,0XBD,
 181          0X3D,0XDF,0XFF,0XF7,0XFF,0XFF,0XBE,0XF7,0X7D,0XEF,0X7D,0XEF,0X7D,0XE7,0X3D,0XDF,
 182          0XBA,0XC6,0X75,0XA5,0X8D,0X7B,0X84,0X7A,0X40,0XB3,0XE0,0XEC,0XE0,0XFD,0XE0,0XFD,
 183          0X60,0XF5,0X20,0XE5,0XA0,0XD4,0X0A,0X6B,0XFB,0XDE,0XFF,0XFF,0XFF,0XFF,0XFF,0XFF,
 184          0XFF,0XFF,0XFF,0XFF,0XFF,0XFF,0X7D,0XEF,0XCC,0X93,0X40,0XEB,0X60,0XFC,0XA0,0XFC,
 185          0XE0,0XFC,0X20,0XFD,0X60,0XFD,0X20,0XF5,0XA0,0XD4,0XC0,0XBB,0X42,0X9B,0X45,0X8B,
 186          0X6B,0X9C,0XAE,0X9C,0X71,0X8C,0XB3,0X94,0X33,0X9D,0X34,0XA5,0XF2,0XA4,0XF0,0XB4,
 187          0XCA,0X9B,0X04,0X9B,0X40,0XBB,0X20,0XE4,0X20,0XFD,0XA0,0XFD,0XA0,0XFD,0XE0,0XFD,
 188          0XE0,0XFD,0XE0,0XFD,0X20,0XC4,0X88,0X5A,0X38,0XBE,0XFF,0XFF,0XFF,0XFF,0XFF,0XFF,
 189          0XFF,0XFF,0XFF,0XFF,0XFF,0XFF,0XFF,0XFF,0X78,0XD6,0X46,0XAB,0X40,0XDB,0X20,0XF4,
 190          0X60,0XFC,0XA0,0XFC,0XE0,0XFC,0X60,0XFD,0XA0,0XFD,0X60,0XFD,0X20,0XF5,0XA0,0XDC,
 191          0XC0,0XB3,0XC0,0X51,0X86,0X29,0X0D,0X63,0X8F,0X7B,0X0D,0X5B,0XC7,0X41,0X01,0X82,
 192          0X00,0XC3,0XC0,0XE3,0X60,0XFC,0XA0,0XFC,0XE0,0XFC,0XE0,0XFC,0X60,0XF5,0X60,0XF5,
 193          0X20,0XE5,0X80,0X9B,0X86,0X62,0X30,0X84,0X79,0XCE,0XFF,0XFF,0XFF,0XFF,0XFF,0XFF,
 194          0XFF,0XFF,0XFF,0XFF,0XFF,0XFF,0XFF,0XFF,0XFF,0XFF,0X38,0XC6,0X2D,0X9C,0X05,0X93,
 195          0X43,0XA3,0X82,0XB3,0XC2,0XBB,0XC2,0XBB,0X22,0XB4,0X82,0XA3,0X42,0X93,0XC3,0X7A,
 196          0X85,0X62,0X0B,0X63,0X71,0X84,0XB6,0XB5,0X79,0XCE,0X79,0XC6,0XB5,0XAD,0X70,0X94,
 197          0X4A,0X8B,0X06,0X83,0X04,0X93,0X04,0X9B,0X43,0X9B,0X43,0X9B,0X43,0X93,0X04,0X83,
 198          0X08,0X73,0X8D,0X73,0XB3,0X94,0X79,0XCE,0X7D,0XEF,0XFF,0XFF,0XFF,0XFF,0XFF,0XFF,
 199          0XFF,0XFF,0XFF,0XFF,0XFF,0XFF,0XFF,0XFF,0XFF,0XFF,0XFF,0XFF,0X3C,0XDF,0X38,0XBE,
 200          0X75,0XB5,0X33,0XA5,0X33,0XA5,0XF3,0X9C,0XF3,0X9C,0XF3,0X9C,0XF3,0X94,0XF3,0X9C,
 201          0X35,0XA5,0XF8,0XBD,0XFB,0XDE,0XBE,0XF7,0XFF,0XFF,0XFF,0XFF,0XFF,0XFF,0X7E,0XEF,
 202          0XBB,0XD6,0XF8,0XBD,0XB6,0XAD,0X75,0XAD,0X34,0XA5,0X33,0X9D,0X34,0X9D,0X35,0XA5,
 203          0XB7,0XAD,0X79,0XC6,0X3C,0XE7,0XBE,0XF7,0XFF,0XFF,0XFF,0XFF,0XFF,0XFF,0XFF,0XFF,
 204          };
 205          
 206          //32*32ºº×Ö×ÖÄ£
 207          u8 code hanzi32[]={                       
 208          0x00,0x00,0x00,0x00,0x00,0x00,0x00,0x00,0x00,0x40,0x00,0x00,0x30,0xC0,0x01,0x00,0xE0,0xE0,0x01,0x00,0xC0,0
             -xE1,0x00,0x00,0xC0,0x61,0x00,0x18,0x80,0xF1,0xFF,0x3F,0x00,0x70,0x00,0x18,0x00,0x3E,0x00,0x18,0x04,0xDA,0x01,0x18,0x1C,0
             -xEE,0x01,0x18,0x38,0x6F,0x60,0x18,0x78,0xF7,0xFF,0x18,0x70,0x31,0x86,0x18,0xB0,0x19,0x06,0x18,0x80,0x09,0x06,0x18,0x80,0
             -x05,0x86,0x19,0xC0,0xFE,0xFF,0x1B,0xC0,0x00,0x06,0x1A,0xC0,0x30,0x66,0x18,0xE0,0x70,0xE6,0x19,0x7C,0x30,0xE6,0x18,0x70,0
             -x30,0xE6,0x18,0x60,0x30,0xE6,0x18,0x70,0xF8,0xFF,0x1C,0x70,0x30,0xE0,0x1C,0x70,0x00,0x00,0x1C,0x70,0x00,0xF0,0x1F,0x70,0
             -x00,0x80,0x0F,0x00,0x00,0x00,0x07,0x00,0x00,0x00,0x00,//ÌÔ
 209          0x00,0x00,0x00,0x00,0x00,0x00,0x00,0x00,0x00,0x00,0x80,0x00,0x00,0x0E,0xC0,0x01,0x00,0xFE,0xFF,0x03,0x00,0
             -x0E,0xC0,0x01,0x00,0x0E,0xC0,0x01,0x00,0x0E,0xC0,0x01,0x00,0xFE,0xFF,0x01,0x00,0x0E,0xC0,0x01,0x00,0x0E,0xC0,0x01,0x00,0
             -x0E,0xC0,0x01,0x00,0xFE,0xFF,0x01,0x00,0x0E,0xC0,0x01,0x00,0x06,0x40,0x00,0x00,0x00,0x00,0x00,0x30,0x70,0x0C,0x18,0xF0,0
             -xFF,0xFC,0x3F,0x70,0x70,0x0C,0x18,0x70,0x70,0x0C,0x18,0x70,0x70,0x0C,0x18,0x70,0x70,0x0C,0x18,0xF0,0x7F,0xFC,0x1F,0x70,0
             -x70,0x0C,0x18,0x70,0x70,0x0C,0x18,0x70,0x70,0x0C,0x18,0x70,0x70,0x0C,0x18,0x70,0x70,0x0C,0x18,0xF0,0x7F,0xFC,0x1F,0x70,0
             -x70,0x0C,0x18,0x10,0x00,0x04,0x00,0x00,0x00,0x00,0x00,//¾§
 210          0x00,0x00,0x00,0x00,0x00,0x00,0x00,0x00,0x00,0x00,0x30,0x00,0x00,0x00,0x70,0x00,0x00,0x1C,0x70,0x00,0xFC,0
             -x1F,0x70,0x00,0x00,0x8C,0x71,0x00,0x20,0x8C,0x77,0x00,0xE0,0x8C,0x73,0x04,0xF0,0x8E,0x73,0x1E,0x70,0x8E,0xF3,0x1F,0x70,0
             -x8E,0xFB,0x0C,0x70,0x8E,0x7F,0x0C,0x70,0xFE,0x73,0x0C,0x30,0x86,0x73,0x0C,0x30,0x86,0x73,0x0C,0x30,0x96,0x73,0x0C,0xF8,0
             -xBF,0x73,0x0C,0x38,0xF8,0x73,0x0C,0x00,0xB8,0x73,0x0C,0x00,0xB8,0xF3,0x0F,0x00,0xBE,0x73,0x06,0xE0,0x9B,0x73,0x30,0x7E,0
             -x98,0x73,0x30,0x1C,0x98,0x13,0x30,0x08,0x9C,0x03,0x30,0x00,0x9C,0x03,0x30,0x00,0x8C,0x03,0x78,0xE0,0x0F,0xFF,0x7F,0x80,0
             -x07,0x00,0x00,0x00,0x03,0x00,0x00,0x00,0x00,0x00,0x00,//³Û
 211          };
 212          //16*16ºº×Ö×ÖÄ£
 213          u8 code hanzi16[]={                       
 214          0x80,0x00,0x80,0x00,0x80,0x00,0xFC,0x1F,0x40,0x00,0x40,0x00,0xFF,0x7F,0x20,0x00,0x10,0x00,0xF0,0x0F,0x00,0
             -x08,0x00,0x04,0x60,0x02,0x80,0x01,0x00,0x02,0x00,0x04,//×¨
 215          0x00,0x01,0x04,0x02,0x08,0x00,0xE8,0x3F,0x01,0x02,0x02,0x02,0x02,0x02,0x08,0x02,0xC8,0x3F,0x04,0x02,0x07,0
             -x02,0x04,0x02,0x04,0x02,0x04,0x02,0xF4,0x7F,0x00,0x00,//×¢
 216          0x00,0x00,0xF8,0x0F,0x08,0x08,0x08,0x08,0xF8,0x0F,0x08,0x08,0x08,0x08,0xF8,0x0F,0x20,0x02,0x22,0x22,0x24,0
             -x22,0x28,0x12,0x28,0x0A,0x20,0x02,0xFF,0x7F,0x00,0x00,//ÏÔ
 217          0x00,0x00,0xFC,0x1F,0x00,0x00,0x00,0x00,0x00,0x00,0x00,0x00,0xFF,0x7F,0x80,0x00,0x80,0x00,0x88,0x08,0x88,0
             -x10,0x84,0x20,0x82,0x40,0x81,0x40,0xA0,0x00,0x40,0x00,//Ê¾
 218          0x40,0x00,0x80,0x00,0x80,0x00,0xFF,0x7F,0x20,0x00,0x20,0x00,0x20,0x00,0xE0,0x0F,0x20,0x08,0x20,0x08,0x20,0
             -x08,0x10,0x08,0x10,0x08,0x08,0x08,0x04,0x05,0x02,0x02,//·½
 219          0x80,0x00,0xFE,0x3F,0x02,0x20,0x20,0x00,0xFF,0x7F,0x10,0x04,0x78,0x02,0xC0,0x03,0x3C,0x1C,0x80,0x00,0xFF,0
             -x7F,0xA0,0x02,0x90,0x04,0x8C,0x18,0x83,0x60,0x80,0x00,//°¸
C51 COMPILER V9.01   FONT                                                                  11/26/2014 20:38:00 PAGE 5   

 220          };
 221          u8 code asc2_1608[1520]={
 222          0x00,0x00,0x00,0x00,0x00,0x00,0x00,0x00,0x00,0x00,0x00,0x00,0x00,0x00,0x00,0x00,
 223          0x00,0x00,0x00,0x08,0x08,0x08,0x08,0x08,0x08,0x08,0x00,0x00,0x18,0x18,0x00,0x00,
 224          0x00,0x48,0x6C,0x24,0x12,0x00,0x00,0x00,0x00,0x00,0x00,0x00,0x00,0x00,0x00,0x00,
 225          0x00,0x00,0x00,0x24,0x24,0x24,0x7F,0x12,0x12,0x12,0x7F,0x12,0x12,0x12,0x00,0x00,
 226          0x00,0x00,0x08,0x1C,0x2A,0x2A,0x0A,0x0C,0x18,0x28,0x28,0x2A,0x2A,0x1C,0x08,0x08,
 227          0x00,0x00,0x00,0x22,0x25,0x15,0x15,0x15,0x2A,0x58,0x54,0x54,0x54,0x22,0x00,0x00,
 228          0x00,0x00,0x00,0x0C,0x12,0x12,0x12,0x0A,0x76,0x25,0x29,0x11,0x91,0x6E,0x00,0x00,
 229          0x00,0x06,0x06,0x04,0x03,0x00,0x00,0x00,0x00,0x00,0x00,0x00,0x00,0x00,0x00,0x00,
 230          0x00,0x40,0x20,0x10,0x10,0x08,0x08,0x08,0x08,0x08,0x08,0x10,0x10,0x20,0x40,0x00,
 231          0x00,0x02,0x04,0x08,0x08,0x10,0x10,0x10,0x10,0x10,0x10,0x08,0x08,0x04,0x02,0x00,
 232          0x00,0x00,0x00,0x00,0x08,0x08,0x6B,0x1C,0x1C,0x6B,0x08,0x08,0x00,0x00,0x00,0x00,
 233          0x00,0x00,0x00,0x00,0x08,0x08,0x08,0x08,0x7F,0x08,0x08,0x08,0x08,0x00,0x00,0x00,
 234          0x00,0x00,0x00,0x00,0x00,0x00,0x00,0x00,0x00,0x00,0x00,0x00,0x06,0x06,0x04,0x03,
 235          0x00,0x00,0x00,0x00,0x00,0x00,0x00,0x00,0xFE,0x00,0x00,0x00,0x00,0x00,0x00,0x00,
 236          0x00,0x00,0x00,0x00,0x00,0x00,0x00,0x00,0x00,0x00,0x00,0x00,0x06,0x06,0x00,0x00,
 237          0x00,0x00,0x80,0x40,0x40,0x20,0x20,0x10,0x10,0x08,0x08,0x04,0x04,0x02,0x02,0x00,
 238          0x00,0x00,0x00,0x18,0x24,0x42,0x42,0x42,0x42,0x42,0x42,0x42,0x24,0x18,0x00,0x00,
 239          0x00,0x00,0x00,0x08,0x0E,0x08,0x08,0x08,0x08,0x08,0x08,0x08,0x08,0x3E,0x00,0x00,
 240          0x00,0x00,0x00,0x3C,0x42,0x42,0x42,0x20,0x20,0x10,0x08,0x04,0x42,0x7E,0x00,0x00,
 241          0x00,0x00,0x00,0x3C,0x42,0x42,0x20,0x18,0x20,0x40,0x40,0x42,0x22,0x1C,0x00,0x00,
 242          0x00,0x00,0x00,0x20,0x30,0x28,0x24,0x24,0x22,0x22,0x7E,0x20,0x20,0x78,0x00,0x00,
 243          0x00,0x00,0x00,0x7E,0x02,0x02,0x02,0x1A,0x26,0x40,0x40,0x42,0x22,0x1C,0x00,0x00,
 244          0x00,0x00,0x00,0x38,0x24,0x02,0x02,0x1A,0x26,0x42,0x42,0x42,0x24,0x18,0x00,0x00,
 245          0x00,0x00,0x00,0x7E,0x22,0x22,0x10,0x10,0x08,0x08,0x08,0x08,0x08,0x08,0x00,0x00,
 246          0x00,0x00,0x00,0x3C,0x42,0x42,0x42,0x24,0x18,0x24,0x42,0x42,0x42,0x3C,0x00,0x00,
 247          0x00,0x00,0x00,0x18,0x24,0x42,0x42,0x42,0x64,0x58,0x40,0x40,0x24,0x1C,0x00,0x00,
 248          0x00,0x00,0x00,0x00,0x00,0x00,0x18,0x18,0x00,0x00,0x00,0x00,0x18,0x18,0x00,0x00,
 249          0x00,0x00,0x00,0x00,0x00,0x00,0x00,0x08,0x00,0x00,0x00,0x00,0x00,0x08,0x08,0x04,
 250          0x00,0x00,0x00,0x40,0x20,0x10,0x08,0x04,0x02,0x04,0x08,0x10,0x20,0x40,0x00,0x00,
 251          0x00,0x00,0x00,0x00,0x00,0x00,0x7F,0x00,0x00,0x00,0x7F,0x00,0x00,0x00,0x00,0x00,
 252          0x00,0x00,0x00,0x02,0x04,0x08,0x10,0x20,0x40,0x20,0x10,0x08,0x04,0x02,0x00,0x00,
 253          0x00,0x00,0x00,0x3C,0x42,0x42,0x46,0x40,0x20,0x10,0x10,0x00,0x18,0x18,0x00,0x00,
 254          0x00,0x00,0x00,0x1C,0x22,0x5A,0x55,0x55,0x55,0x55,0x2D,0x42,0x22,0x1C,0x00,0x00,
 255          0x00,0x00,0x00,0x08,0x08,0x18,0x14,0x14,0x24,0x3C,0x22,0x42,0x42,0xE7,0x00,0x00,
 256          0x00,0x00,0x00,0x1F,0x22,0x22,0x22,0x1E,0x22,0x42,0x42,0x42,0x22,0x1F,0x00,0x00,
 257          0x00,0x00,0x00,0x7C,0x42,0x42,0x01,0x01,0x01,0x01,0x01,0x42,0x22,0x1C,0x00,0x00,
 258          0x00,0x00,0x00,0x1F,0x22,0x42,0x42,0x42,0x42,0x42,0x42,0x42,0x22,0x1F,0x00,0x00,
 259          0x00,0x00,0x00,0x3F,0x42,0x12,0x12,0x1E,0x12,0x12,0x02,0x42,0x42,0x3F,0x00,0x00,
 260          0x00,0x00,0x00,0x3F,0x42,0x12,0x12,0x1E,0x12,0x12,0x02,0x02,0x02,0x07,0x00,0x00,
 261          0x00,0x00,0x00,0x3C,0x22,0x22,0x01,0x01,0x01,0x71,0x21,0x22,0x22,0x1C,0x00,0x00,
 262          0x00,0x00,0x00,0xE7,0x42,0x42,0x42,0x42,0x7E,0x42,0x42,0x42,0x42,0xE7,0x00,0x00,
 263          0x00,0x00,0x00,0x3E,0x08,0x08,0x08,0x08,0x08,0x08,0x08,0x08,0x08,0x3E,0x00,0x00,
 264          0x00,0x00,0x00,0x7C,0x10,0x10,0x10,0x10,0x10,0x10,0x10,0x10,0x10,0x10,0x11,0x0F,
 265          0x00,0x00,0x00,0x77,0x22,0x12,0x0A,0x0E,0x0A,0x12,0x12,0x22,0x22,0x77,0x00,0x00,
 266          0x00,0x00,0x00,0x07,0x02,0x02,0x02,0x02,0x02,0x02,0x02,0x02,0x42,0x7F,0x00,0x00,
 267          0x00,0x00,0x00,0x77,0x36,0x36,0x36,0x36,0x2A,0x2A,0x2A,0x2A,0x2A,0x6B,0x00,0x00,
 268          0x00,0x00,0x00,0xE3,0x46,0x46,0x4A,0x4A,0x52,0x52,0x52,0x62,0x62,0x47,0x00,0x00,
 269          0x00,0x00,0x00,0x1C,0x22,0x41,0x41,0x41,0x41,0x41,0x41,0x41,0x22,0x1C,0x00,0x00,
 270          0x00,0x00,0x00,0x3F,0x42,0x42,0x42,0x42,0x3E,0x02,0x02,0x02,0x02,0x07,0x00,0x00,
 271          0x00,0x00,0x00,0x1C,0x22,0x41,0x41,0x41,0x41,0x41,0x4D,0x53,0x32,0x1C,0x60,0x00,
 272          0x00,0x00,0x00,0x3F,0x42,0x42,0x42,0x3E,0x12,0x12,0x22,0x22,0x42,0xC7,0x00,0x00,
 273          0x00,0x00,0x00,0x7C,0x42,0x42,0x02,0x04,0x18,0x20,0x40,0x42,0x42,0x3E,0x00,0x00,
 274          0x00,0x00,0x00,0x7F,0x49,0x08,0x08,0x08,0x08,0x08,0x08,0x08,0x08,0x1C,0x00,0x00,
 275          0x00,0x00,0x00,0xE7,0x42,0x42,0x42,0x42,0x42,0x42,0x42,0x42,0x42,0x3C,0x00,0x00,
 276          0x00,0x00,0x00,0xE7,0x42,0x42,0x22,0x24,0x24,0x14,0x14,0x18,0x08,0x08,0x00,0x00,
 277          0x00,0x00,0x00,0x6B,0x49,0x49,0x49,0x49,0x55,0x55,0x36,0x22,0x22,0x22,0x00,0x00,
 278          0x00,0x00,0x00,0xE7,0x42,0x24,0x24,0x18,0x18,0x18,0x24,0x24,0x42,0xE7,0x00,0x00,
 279          0x00,0x00,0x00,0x77,0x22,0x22,0x14,0x14,0x08,0x08,0x08,0x08,0x08,0x1C,0x00,0x00,
 280          0x00,0x00,0x00,0x7E,0x21,0x20,0x10,0x10,0x08,0x04,0x04,0x42,0x42,0x3F,0x00,0x00,
 281          0x00,0x78,0x08,0x08,0x08,0x08,0x08,0x08,0x08,0x08,0x08,0x08,0x08,0x08,0x78,0x00,
C51 COMPILER V9.01   FONT                                                                  11/26/2014 20:38:00 PAGE 6   

 282          0x00,0x00,0x02,0x02,0x04,0x04,0x08,0x08,0x08,0x10,0x10,0x20,0x20,0x20,0x40,0x40,
 283          0x00,0x1E,0x10,0x10,0x10,0x10,0x10,0x10,0x10,0x10,0x10,0x10,0x10,0x10,0x1E,0x00,
 284          0x00,0x38,0x44,0x00,0x00,0x00,0x00,0x00,0x00,0x00,0x00,0x00,0x00,0x00,0x00,0x00,
 285          0x00,0x00,0x00,0x00,0x00,0x00,0x00,0x00,0x00,0x00,0x00,0x00,0x00,0x00,0x00,0xFF,
 286          0x00,0x06,0x08,0x00,0x00,0x00,0x00,0x00,0x00,0x00,0x00,0x00,0x00,0x00,0x00,0x00,
 287          0x00,0x00,0x00,0x00,0x00,0x00,0x00,0x3C,0x42,0x78,0x44,0x42,0x42,0xFC,0x00,0x00,
 288          0x00,0x00,0x00,0x03,0x02,0x02,0x02,0x1A,0x26,0x42,0x42,0x42,0x26,0x1A,0x00,0x00,
 289          0x00,0x00,0x00,0x00,0x00,0x00,0x00,0x38,0x44,0x02,0x02,0x02,0x44,0x38,0x00,0x00,
 290          0x00,0x00,0x00,0x60,0x40,0x40,0x40,0x78,0x44,0x42,0x42,0x42,0x64,0xD8,0x00,0x00,
 291          0x00,0x00,0x00,0x00,0x00,0x00,0x00,0x3C,0x42,0x7E,0x02,0x02,0x42,0x3C,0x00,0x00,
 292          0x00,0x00,0x00,0xF0,0x88,0x08,0x08,0x7E,0x08,0x08,0x08,0x08,0x08,0x3E,0x00,0x00,
 293          0x00,0x00,0x00,0x00,0x00,0x00,0x00,0x7C,0x22,0x22,0x1C,0x02,0x3C,0x42,0x42,0x3C,
 294          0x00,0x00,0x00,0x03,0x02,0x02,0x02,0x3A,0x46,0x42,0x42,0x42,0x42,0xE7,0x00,0x00,
 295          0x00,0x00,0x00,0x0C,0x0C,0x00,0x00,0x0E,0x08,0x08,0x08,0x08,0x08,0x3E,0x00,0x00,
 296          0x00,0x00,0x00,0x30,0x30,0x00,0x00,0x38,0x20,0x20,0x20,0x20,0x20,0x20,0x22,0x1E,
 297          0x00,0x00,0x00,0x03,0x02,0x02,0x02,0x72,0x12,0x0A,0x16,0x12,0x22,0x77,0x00,0x00,
 298          0x00,0x00,0x00,0x0E,0x08,0x08,0x08,0x08,0x08,0x08,0x08,0x08,0x08,0x3E,0x00,0x00,
 299          0x00,0x00,0x00,0x00,0x00,0x00,0x00,0x7F,0x92,0x92,0x92,0x92,0x92,0xB7,0x00,0x00,
 300          0x00,0x00,0x00,0x00,0x00,0x00,0x00,0x3B,0x46,0x42,0x42,0x42,0x42,0xE7,0x00,0x00,
 301          0x00,0x00,0x00,0x00,0x00,0x00,0x00,0x3C,0x42,0x42,0x42,0x42,0x42,0x3C,0x00,0x00,
 302          0x00,0x00,0x00,0x00,0x00,0x00,0x00,0x1B,0x26,0x42,0x42,0x42,0x22,0x1E,0x02,0x07,
 303          0x00,0x00,0x00,0x00,0x00,0x00,0x00,0x78,0x44,0x42,0x42,0x42,0x44,0x78,0x40,0xE0,
 304          0x00,0x00,0x00,0x00,0x00,0x00,0x00,0x77,0x4C,0x04,0x04,0x04,0x04,0x1F,0x00,0x00,
 305          0x00,0x00,0x00,0x00,0x00,0x00,0x00,0x7C,0x42,0x02,0x3C,0x40,0x42,0x3E,0x00,0x00,
 306          0x00,0x00,0x00,0x00,0x00,0x08,0x08,0x3E,0x08,0x08,0x08,0x08,0x08,0x30,0x00,0x00,
 307          0x00,0x00,0x00,0x00,0x00,0x00,0x00,0x63,0x42,0x42,0x42,0x42,0x62,0xDC,0x00,0x00,
 308          0x00,0x00,0x00,0x00,0x00,0x00,0x00,0xE7,0x42,0x24,0x24,0x14,0x08,0x08,0x00,0x00,
 309          0x00,0x00,0x00,0x00,0x00,0x00,0x00,0xEB,0x49,0x49,0x55,0x55,0x22,0x22,0x00,0x00,
 310          0x00,0x00,0x00,0x00,0x00,0x00,0x00,0x76,0x24,0x18,0x18,0x18,0x24,0x6E,0x00,0x00,
 311          0x00,0x00,0x00,0x00,0x00,0x00,0x00,0xE7,0x42,0x24,0x24,0x14,0x18,0x08,0x08,0x07,
 312          0x00,0x00,0x00,0x00,0x00,0x00,0x00,0x7E,0x22,0x10,0x08,0x08,0x44,0x7E,0x00,0x00,
 313          0x00,0xC0,0x20,0x20,0x20,0x20,0x20,0x10,0x20,0x20,0x20,0x20,0x20,0x20,0xC0,0x00,
 314          0x10,0x10,0x10,0x10,0x10,0x10,0x10,0x10,0x10,0x10,0x10,0x10,0x10,0x10,0x10,0x10,
 315          0x00,0x06,0x08,0x08,0x08,0x08,0x08,0x10,0x08,0x08,0x08,0x08,0x08,0x08,0x06,0x00,
 316          0x0C,0x32,0xC2,0x00,0x00,0x00,0x00,0x00,0x00,0x00,0x00,0x00,0x00,0x00,0x00,0x00,
 317          }; 
 318          
 319          
 320          
 321          
 322          
 323          
 324          
 325          
 326          
 327          
 328          


MODULE INFORMATION:   STATIC OVERLAYABLE
   CODE SIZE        =   ----    ----
   CONSTANT SIZE    =   5296    ----
   XDATA SIZE       =   ----    ----
   PDATA SIZE       =   ----    ----
   DATA SIZE        =   ----    ----
   IDATA SIZE       =   ----    ----
   BIT SIZE         =   ----    ----
END OF MODULE INFORMATION.


C51 COMPILATION COMPLETE.  0 WARNING(S),  0 ERROR(S)
